Performing C SOURCE FILE Test CMAKE_HAVE_LIBC_PTHREAD failed with the following output:
Change Dir: /home/ardyseto/Documents/GitHub/Stella-VSLAM-ROS-with-Pixi/lib/iridescence_viewer/build/CMakeFiles/CMakeScratch/TryCompile-bG6HT7

Run Build Command(s):/usr/bin/gmake -f Makefile cmTC_de6b8/fast && /usr/bin/gmake  -f CMakeFiles/cmTC_de6b8.dir/build.make CMakeFiles/cmTC_de6b8.dir/build
gmake[1]: Entering directory '/home/ardyseto/Documents/GitHub/Stella-VSLAM-ROS-with-Pixi/lib/iridescence_viewer/build/CMakeFiles/CMakeScratch/TryCompile-bG6HT7'
Building C object CMakeFiles/cmTC_de6b8.dir/src.c.o
/home/ardyseto/Documents/GitHub/Stella-VSLAM-ROS-with-Pixi/.pixi/envs/default/bin/x86_64-conda-linux-gnu-cc -DCMAKE_HAVE_LIBC_PTHREAD  -march=nocona -mtune=haswell -ftree-vectorize -fPIC -fstack-protector-strong -fno-plt -O2 -ffunction-sections -pipe -isystem /home/ardyseto/Documents/GitHub/Stella-VSLAM-ROS-with-Pixi/.pixi/envs/default/include -march=nocona -mtune=haswell -ftree-vectorize -fPIC -fstack-protector-strong -fno-plt -O2 -ffunction-sections -pipe -isystem /home/ardyseto/Documents/GitHub/Stella-VSLAM-ROS-with-Pixi/.pixi/envs/default/include  -o CMakeFiles/cmTC_de6b8.dir/src.c.o -c /home/ardyseto/Documents/GitHub/Stella-VSLAM-ROS-with-Pixi/lib/iridescence_viewer/build/CMakeFiles/CMakeScratch/TryCompile-bG6HT7/src.c
Linking C executable cmTC_de6b8
/home/ardyseto/Documents/GitHub/Stella-VSLAM-ROS-with-Pixi/.pixi/envs/default/bin/cmake -E cmake_link_script CMakeFiles/cmTC_de6b8.dir/link.txt --verbose=1
/home/ardyseto/Documents/GitHub/Stella-VSLAM-ROS-with-Pixi/.pixi/envs/default/bin/x86_64-conda-linux-gnu-cc -march=nocona -mtune=haswell -ftree-vectorize -fPIC -fstack-protector-strong -fno-plt -O2 -ffunction-sections -pipe -isystem /home/ardyseto/Documents/GitHub/Stella-VSLAM-ROS-with-Pixi/.pixi/envs/default/include -march=nocona -mtune=haswell -ftree-vectorize -fPIC -fstack-protector-strong -fno-plt -O2 -ffunction-sections -pipe -isystem /home/ardyseto/Documents/GitHub/Stella-VSLAM-ROS-with-Pixi/.pixi/envs/default/include  -Wl,-O2 -Wl,--sort-common -Wl,--as-needed -Wl,-z,relro -Wl,-z,now -Wl,--disable-new-dtags -Wl,--gc-sections -Wl,--allow-shlib-undefined -Wl,-rpath,/home/ardyseto/Documents/GitHub/Stella-VSLAM-ROS-with-Pixi/.pixi/envs/default/lib -Wl,-rpath-link,/home/ardyseto/Documents/GitHub/Stella-VSLAM-ROS-with-Pixi/.pixi/envs/default/lib -L/home/ardyseto/Documents/GitHub/Stella-VSLAM-ROS-with-Pixi/.pixi/envs/default/lib -Wl,-O2 -Wl,--sort-common -Wl,--as-needed -Wl,-z,relro -Wl,-z,now -Wl,--disable-new-dtags -Wl,--gc-sections -Wl,--allow-shlib-undefined -Wl,-rpath,/home/ardyseto/Documents/GitHub/Stella-VSLAM-ROS-with-Pixi/.pixi/envs/default/lib -Wl,-rpath-link,/home/ardyseto/Documents/GitHub/Stella-VSLAM-ROS-with-Pixi/.pixi/envs/default/lib -L/home/ardyseto/Documents/GitHub/Stella-VSLAM-ROS-with-Pixi/.pixi/envs/default/lib  -rdynamic CMakeFiles/cmTC_de6b8.dir/src.c.o -o cmTC_de6b8 
/home/ardyseto/Documents/GitHub/Stella-VSLAM-ROS-with-Pixi/.pixi/envs/default/bin/../libexec/gcc/x86_64-conda-linux-gnu/14.3.0/ld: CMakeFiles/cmTC_de6b8.dir/src.c.o: in function `main':
src.c:(.text.startup.main+0x22): undefined reference to `pthread_create'
/home/ardyseto/Documents/GitHub/Stella-VSLAM-ROS-with-Pixi/.pixi/envs/default/bin/../libexec/gcc/x86_64-conda-linux-gnu/14.3.0/ld: src.c:(.text.startup.main+0x2c): undefined reference to `pthread_detach'
/home/ardyseto/Documents/GitHub/Stella-VSLAM-ROS-with-Pixi/.pixi/envs/default/bin/../libexec/gcc/x86_64-conda-linux-gnu/14.3.0/ld: src.c:(.text.startup.main+0x36): undefined reference to `pthread_cancel'
/home/ardyseto/Documents/GitHub/Stella-VSLAM-ROS-with-Pixi/.pixi/envs/default/bin/../libexec/gcc/x86_64-conda-linux-gnu/14.3.0/ld: src.c:(.text.startup.main+0x42): undefined reference to `pthread_join'
collect2: error: ld returned 1 exit status
gmake[1]: *** [CMakeFiles/cmTC_de6b8.dir/build.make:99: cmTC_de6b8] Error 1
gmake[1]: Leaving directory '/home/ardyseto/Documents/GitHub/Stella-VSLAM-ROS-with-Pixi/lib/iridescence_viewer/build/CMakeFiles/CMakeScratch/TryCompile-bG6HT7'
gmake: *** [Makefile:127: cmTC_de6b8/fast] Error 2


Source file was:
#include <pthread.h>

static void* test_func(void* data)
{
  return data;
}

int main(void)
{
  pthread_t thread;
  pthread_create(&thread, NULL, test_func, NULL);
  pthread_detach(thread);
  pthread_cancel(thread);
  pthread_join(thread, NULL);
  pthread_atfork(NULL, NULL, NULL);
  pthread_exit(NULL);

  return 0;
}


Determining if the function pthread_create exists in the pthreads failed with the following output:
Change Dir: /home/ardyseto/Documents/GitHub/Stella-VSLAM-ROS-with-Pixi/lib/iridescence_viewer/build/CMakeFiles/CMakeScratch/TryCompile-sN1JbC

Run Build Command(s):/usr/bin/gmake -f Makefile cmTC_08463/fast && /usr/bin/gmake  -f CMakeFiles/cmTC_08463.dir/build.make CMakeFiles/cmTC_08463.dir/build
gmake[1]: Entering directory '/home/ardyseto/Documents/GitHub/Stella-VSLAM-ROS-with-Pixi/lib/iridescence_viewer/build/CMakeFiles/CMakeScratch/TryCompile-sN1JbC'
Building C object CMakeFiles/cmTC_08463.dir/CheckFunctionExists.c.o
/home/ardyseto/Documents/GitHub/Stella-VSLAM-ROS-with-Pixi/.pixi/envs/default/bin/x86_64-conda-linux-gnu-cc   -march=nocona -mtune=haswell -ftree-vectorize -fPIC -fstack-protector-strong -fno-plt -O2 -ffunction-sections -pipe -isystem /home/ardyseto/Documents/GitHub/Stella-VSLAM-ROS-with-Pixi/.pixi/envs/default/include -march=nocona -mtune=haswell -ftree-vectorize -fPIC -fstack-protector-strong -fno-plt -O2 -ffunction-sections -pipe -isystem /home/ardyseto/Documents/GitHub/Stella-VSLAM-ROS-with-Pixi/.pixi/envs/default/include -DCHECK_FUNCTION_EXISTS=pthread_create -o CMakeFiles/cmTC_08463.dir/CheckFunctionExists.c.o -c /home/ardyseto/Documents/GitHub/Stella-VSLAM-ROS-with-Pixi/lib/iridescence_viewer/build/CMakeFiles/CMakeScratch/TryCompile-sN1JbC/CheckFunctionExists.c
Linking C executable cmTC_08463
/home/ardyseto/Documents/GitHub/Stella-VSLAM-ROS-with-Pixi/.pixi/envs/default/bin/cmake -E cmake_link_script CMakeFiles/cmTC_08463.dir/link.txt --verbose=1
/home/ardyseto/Documents/GitHub/Stella-VSLAM-ROS-with-Pixi/.pixi/envs/default/bin/x86_64-conda-linux-gnu-cc -march=nocona -mtune=haswell -ftree-vectorize -fPIC -fstack-protector-strong -fno-plt -O2 -ffunction-sections -pipe -isystem /home/ardyseto/Documents/GitHub/Stella-VSLAM-ROS-with-Pixi/.pixi/envs/default/include -march=nocona -mtune=haswell -ftree-vectorize -fPIC -fstack-protector-strong -fno-plt -O2 -ffunction-sections -pipe -isystem /home/ardyseto/Documents/GitHub/Stella-VSLAM-ROS-with-Pixi/.pixi/envs/default/include -DCHECK_FUNCTION_EXISTS=pthread_create -Wl,-O2 -Wl,--sort-common -Wl,--as-needed -Wl,-z,relro -Wl,-z,now -Wl,--disable-new-dtags -Wl,--gc-sections -Wl,--allow-shlib-undefined -Wl,-rpath,/home/ardyseto/Documents/GitHub/Stella-VSLAM-ROS-with-Pixi/.pixi/envs/default/lib -Wl,-rpath-link,/home/ardyseto/Documents/GitHub/Stella-VSLAM-ROS-with-Pixi/.pixi/envs/default/lib -L/home/ardyseto/Documents/GitHub/Stella-VSLAM-ROS-with-Pixi/.pixi/envs/default/lib -Wl,-O2 -Wl,--sort-common -Wl,--as-needed -Wl,-z,relro -Wl,-z,now -Wl,--disable-new-dtags -Wl,--gc-sections -Wl,--allow-shlib-undefined -Wl,-rpath,/home/ardyseto/Documents/GitHub/Stella-VSLAM-ROS-with-Pixi/.pixi/envs/default/lib -Wl,-rpath-link,/home/ardyseto/Documents/GitHub/Stella-VSLAM-ROS-with-Pixi/.pixi/envs/default/lib -L/home/ardyseto/Documents/GitHub/Stella-VSLAM-ROS-with-Pixi/.pixi/envs/default/lib  -rdynamic CMakeFiles/cmTC_08463.dir/CheckFunctionExists.c.o -o cmTC_08463  -lpthreads 
/home/ardyseto/Documents/GitHub/Stella-VSLAM-ROS-with-Pixi/.pixi/envs/default/bin/../libexec/gcc/x86_64-conda-linux-gnu/14.3.0/ld: cannot find -lpthreads: No such file or directory
collect2: error: ld returned 1 exit status
gmake[1]: *** [CMakeFiles/cmTC_08463.dir/build.make:99: cmTC_08463] Error 1
gmake[1]: Leaving directory '/home/ardyseto/Documents/GitHub/Stella-VSLAM-ROS-with-Pixi/lib/iridescence_viewer/build/CMakeFiles/CMakeScratch/TryCompile-sN1JbC'
gmake: *** [Makefile:127: cmTC_08463/fast] Error 2



